TN:
SF:src/test-utils.tsx
FN:7,makeQueryClient
FN:21,AllProviders
FN:33,customRender
FN:39,(anonymous_3)
FNF:4
FNH:4
FNDA:31,makeQueryClient
FNDA:31,AllProviders
FNDA:31,customRender
FNDA:31,(anonymous_3)
DA:8,31
DA:22,31
DA:23,31
DA:37,31
DA:38,31
DA:40,31
LF:6
LH:6
BRDA:21,0,0,31
BRDA:37,1,0,31
BRDA:37,1,1,28
BRF:3
BRH:3
end_of_record
TN:
SF:src/api/client.ts
FN:14,(anonymous_0)
FN:21,(anonymous_1)
FNF:2
FNH:2
FNDA:37,(anonymous_0)
FNDA:37,(anonymous_1)
DA:5,3
DA:16,37
DA:17,37
DA:22,37
DA:23,6
DA:24,6
DA:25,6
DA:26,6
DA:27,0
DA:28,0
DA:33,6
LF:11
LH:9
BRDA:17,0,0,0
BRDA:17,0,1,37
BRDA:22,1,0,6
BRDA:22,1,1,31
BRDA:27,2,0,0
BRDA:27,2,1,0
BRDA:27,3,0,0
BRDA:27,3,1,0
BRDA:27,3,2,0
BRF:9
BRH:3
end_of_record
TN:
SF:src/api/products.ts
FN:10,(anonymous_0)
FN:17,(anonymous_1)
FN:20,(anonymous_2)
FN:23,(anonymous_3)
FN:26,(anonymous_4)
FN:27,(anonymous_5)
FNF:6
FNH:5
FNDA:26,(anonymous_0)
FNDA:7,(anonymous_1)
FNDA:0,(anonymous_2)
FNDA:2,(anonymous_3)
FNDA:2,(anonymous_4)
FNDA:1,(anonymous_5)
DA:9,3
DA:11,26
DA:12,26
DA:13,26
DA:14,26
DA:18,7
DA:21,0
DA:24,2
DA:27,2
LF:9
LH:8
BRDA:10,0,0,26
BRDA:12,1,0,1
BRDA:12,1,1,25
BRDA:13,2,0,2
BRDA:13,2,1,24
BRF:5
BRH:5
end_of_record
TN:
SF:src/api/types.ts
FN:14,(anonymous_0)
FN:21,(anonymous_1)
FN:22,(anonymous_2)
FN:23,(anonymous_3)
FNF:4
FNH:2
FNDA:6,(anonymous_0)
FNDA:2,(anonymous_1)
FNDA:0,(anonymous_2)
FNDA:0,(anonymous_3)
DA:15,6
DA:16,6
DA:17,6
DA:18,6
DA:21,2
DA:22,0
DA:23,0
LF:7
LH:5
BRDA:14,0,0,6
BRF:1
BRH:1
end_of_record
TN:
SF:src/config/env.ts
FNF:0
FNH:0
DA:1,3
DA:3,3
DA:4,0
DA:7,3
DA:8,0
DA:11,3
LF:6
LH:4
BRDA:3,0,0,0
BRDA:3,0,1,3
BRDA:7,1,0,0
BRDA:7,1,1,3
BRDA:7,2,0,3
BRDA:7,2,1,0
BRDA:13,3,0,3
BRDA:13,3,1,0
BRF:8
BRH:4
end_of_record
TN:
SF:src/features/admin/products/components/DeleteProductDialog.tsx
FN:15,DeleteProductDialog
FN:18,(anonymous_1)
FN:30,(anonymous_2)
FNF:3
FNH:3
FNDA:48,DeleteProductDialog
FNDA:2,(anonymous_1)
FNDA:3,(anonymous_2)
DA:16,48
DA:18,48
DA:19,2
DA:20,2
DA:21,2
DA:22,1
DA:23,1
DA:25,1
DA:29,48
DA:30,3
LF:10
LH:10
BRDA:19,0,0,0
BRDA:19,0,1,2
BRDA:30,1,0,3
BRDA:30,1,1,3
BRDA:41,2,0,48
BRDA:41,2,1,2
BRF:6
BRH:5
end_of_record
TN:
SF:src/features/admin/products/components/ProductFormModal.tsx
FN:32,ProductFormModal
FN:45,(anonymous_1)
FN:53,(anonymous_2)
FN:69,(anonymous_3)
FN:91,(anonymous_4)
FN:96,(anonymous_5)
FN:106,(anonymous_6)
FN:111,(anonymous_7)
FNF:8
FNH:5
FNDA:70,ProductFormModal
FNDA:24,(anonymous_1)
FNDA:2,(anonymous_2)
FNDA:0,(anonymous_3)
FNDA:0,(anonymous_4)
FNDA:630,(anonymous_5)
FNDA:0,(anonymous_6)
FNDA:840,(anonymous_7)
DA:16,1
DA:33,70
DA:34,70
DA:41,70
DA:42,70
DA:43,70
DA:45,70
DA:46,24
DA:47,3
DA:48,21
DA:49,4
DA:53,70
DA:54,2
DA:55,2
DA:56,2
DA:57,1
DA:59,0
DA:60,0
DA:62,1
DA:64,1
DA:68,70
DA:69,0
DA:91,0
DA:97,630
DA:106,0
DA:112,840
LF:26
LH:21
BRDA:36,0,0,7
BRDA:36,0,1,63
BRDA:42,1,0,70
BRDA:42,1,1,63
BRDA:43,2,0,70
BRDA:43,2,1,70
BRDA:46,3,0,3
BRDA:46,3,1,21
BRDA:46,4,0,24
BRDA:46,4,1,7
BRDA:48,5,0,4
BRDA:48,5,1,17
BRDA:48,6,0,21
BRDA:48,6,1,4
BRDA:55,7,0,2
BRDA:55,7,1,0
BRDA:55,8,0,2
BRDA:55,8,1,2
BRDA:64,9,0,1
BRDA:64,9,1,0
BRDA:69,10,0,0
BRDA:69,10,1,0
BRDA:72,11,0,7
BRDA:72,11,1,63
BRDA:82,12,0,1
BRDA:82,12,1,69
BRDA:85,13,0,70
BRDA:85,13,1,1
BRDA:92,14,0,1
BRDA:92,14,1,69
BRDA:101,15,0,70
BRDA:101,15,1,1
BRDA:107,16,0,1
BRDA:107,16,1,69
BRDA:116,17,0,70
BRDA:116,17,1,1
BRDA:134,18,0,0
BRDA:134,18,1,70
BRDA:138,19,0,70
BRDA:138,19,1,0
BRDA:151,20,0,0
BRDA:151,20,1,70
BRDA:154,21,0,70
BRDA:154,21,1,0
BRDA:161,22,0,70
BRDA:161,22,1,0
BRDA:162,23,0,0
BRDA:162,23,1,70
BRDA:162,24,0,7
BRDA:162,24,1,63
BRF:50
BRH:40
end_of_record
TN:
SF:src/features/admin/products/components/ProductsTable.tsx
FN:25,ProductsTable
FN:28,(anonymous_1)
FN:31,(anonymous_2)
FN:34,(anonymous_3)
FN:40,(anonymous_4)
FN:43,(anonymous_5)
FN:44,(anonymous_6)
FN:47,(anonymous_7)
FN:50,(anonymous_8)
FN:56,(anonymous_9)
FN:59,(anonymous_10)
FN:60,(anonymous_11)
FN:63,(anonymous_12)
FN:66,(anonymous_13)
FN:72,(anonymous_14)
FN:81,(anonymous_15)
FN:82,(anonymous_16)
FN:90,(anonymous_17)
FN:93,(anonymous_18)
FN:116,(anonymous_19)
FN:149,(anonymous_20)
FN:151,(anonymous_21)
FN:160,(anonymous_22)
FN:165,(anonymous_23)
FNF:24
FNH:21
FNDA:48,ProductsTable
FNDA:46,(anonymous_1)
FNDA:31,(anonymous_2)
FNDA:0,(anonymous_3)
FNDA:153,(anonymous_4)
FNDA:31,(anonymous_5)
FNDA:153,(anonymous_6)
FNDA:31,(anonymous_7)
FNDA:0,(anonymous_8)
FNDA:153,(anonymous_9)
FNDA:31,(anonymous_10)
FNDA:153,(anonymous_11)
FNDA:31,(anonymous_12)
FNDA:0,(anonymous_13)
FNDA:153,(anonymous_14)
FNDA:31,(anonymous_15)
FNDA:153,(anonymous_16)
FNDA:3,(anonymous_17)
FNDA:4,(anonymous_18)
FNDA:90,(anonymous_19)
FNDA:31,(anonymous_20)
FNDA:186,(anonymous_21)
FNDA:153,(anonymous_22)
FNDA:918,(anonymous_23)
DA:14,1
DA:26,48
DA:28,48
DA:29,46
DA:32,31
DA:34,0
DA:40,153
DA:43,31
DA:44,153
DA:48,31
DA:50,0
DA:56,153
DA:59,31
DA:60,153
DA:64,31
DA:66,0
DA:73,153
DA:81,31
DA:83,153
DA:90,3
DA:93,4
DA:104,48
DA:113,48
DA:114,15
DA:117,90
DA:123,33
DA:124,1
DA:135,32
DA:136,1
DA:145,31
DA:150,31
DA:152,186
DA:161,153
DA:166,918
LF:34
LH:31
BRDA:35,0,0,0
BRDA:35,0,1,31
BRDA:35,1,0,0
BRDA:35,1,1,31
BRDA:51,2,0,0
BRDA:51,2,1,31
BRDA:51,3,0,0
BRDA:51,3,1,31
BRDA:67,4,0,0
BRDA:67,4,1,31
BRDA:67,5,0,0
BRDA:67,5,1,31
BRDA:105,6,0,48
BRDA:105,6,1,16
BRDA:113,7,0,15
BRDA:113,7,1,33
BRDA:123,8,0,1
BRDA:123,8,1,32
BRDA:135,9,0,1
BRDA:135,9,1,31
BRDA:135,10,0,32
BRDA:135,10,1,32
BRDA:163,11,0,31
BRDA:163,11,1,122
BRDA:163,12,0,31
BRDA:163,12,1,91
BRF:26
BRH:20
end_of_record
TN:
SF:src/features/admin/products/hooks/useMutateProduct.ts
FN:6,useCreateProduct
FN:9,(anonymous_1)
FN:10,(anonymous_2)
FN:14,useUpdateProduct
FN:17,(anonymous_4)
FN:18,(anonymous_5)
FN:25,useDeleteProduct
FN:28,(anonymous_7)
FN:29,(anonymous_8)
FNF:9
FNH:7
FNDA:70,useCreateProduct
FNDA:0,(anonymous_1)
FNDA:0,(anonymous_2)
FNDA:70,useUpdateProduct
FNDA:2,(anonymous_4)
FNDA:1,(anonymous_5)
FNDA:48,useDeleteProduct
FNDA:2,(anonymous_7)
FNDA:1,(anonymous_8)
DA:7,70
DA:8,70
DA:9,0
DA:10,0
DA:15,70
DA:16,70
DA:17,2
DA:19,1
DA:20,1
DA:26,48
DA:27,48
DA:28,2
DA:29,1
LF:13
LH:11
BRF:0
BRH:0
end_of_record
TN:
SF:src/features/cart/store.ts
FN:20,(anonymous_0)
FN:25,(anonymous_1)
FN:26,(anonymous_2)
FN:27,(anonymous_3)
FN:31,(anonymous_4)
FN:42,(anonymous_5)
FN:43,(anonymous_6)
FN:43,(anonymous_7)
FN:46,(anonymous_8)
FN:51,(anonymous_9)
FN:52,(anonymous_10)
FN:60,(anonymous_11)
FN:61,(anonymous_12)
FN:62,(anonymous_13)
FN:64,(anonymous_14)
FN:64,(anonymous_15)
FN:65,(anonymous_16)
FN:65,(anonymous_17)
FN:69,(anonymous_18)
FNF:19
FNH:19
FNDA:3,(anonymous_0)
FNDA:17,(anonymous_1)
FNDA:17,(anonymous_2)
FNDA:4,(anonymous_3)
FNDA:1,(anonymous_4)
FNDA:2,(anonymous_5)
FNDA:2,(anonymous_6)
FNDA:3,(anonymous_7)
FNDA:3,(anonymous_8)
FNDA:2,(anonymous_9)
FNDA:2,(anonymous_10)
FNDA:1,(anonymous_11)
FNDA:1,(anonymous_12)
FNDA:1,(anonymous_13)
FNDA:113,(anonymous_14)
FNDA:27,(anonymous_15)
FNDA:110,(anonymous_16)
FNDA:26,(anonymous_17)
FNDA:53,(anonymous_18)
DA:19,3
DA:21,3
DA:26,17
DA:27,17
DA:28,17
DA:29,1
DA:30,1
DA:32,1
DA:36,16
DA:37,16
DA:38,15
DA:43,3
DA:47,3
DA:48,1
DA:49,1
DA:51,2
DA:53,2
DA:60,1
DA:61,1
DA:62,1
DA:64,113
DA:65,110
DA:69,53
LF:23
LH:23
BRDA:25,0,0,17
BRDA:28,1,0,1
BRDA:28,1,1,16
BRDA:32,2,0,1
BRDA:32,2,1,0
BRDA:37,3,0,1
BRDA:37,3,1,15
BRDA:47,4,0,1
BRDA:47,4,1,2
BRDA:53,5,0,2
BRDA:53,5,1,0
BRF:11
BRH:9
end_of_record
TN:
SF:src/features/cart/hooks/useCart.ts
FN:3,useCart
FN:4,(anonymous_1)
FN:5,(anonymous_2)
FN:6,(anonymous_3)
FN:7,(anonymous_4)
FN:8,(anonymous_5)
FN:9,(anonymous_6)
FN:10,(anonymous_7)
FN:11,(anonymous_8)
FN:12,(anonymous_9)
FN:13,(anonymous_10)
FNF:11
FNH:11
FNDA:34,useCart
FNDA:108,(anonymous_1)
FNDA:108,(anonymous_2)
FNDA:108,(anonymous_3)
FNDA:108,(anonymous_4)
FNDA:108,(anonymous_5)
FNDA:108,(anonymous_6)
FNDA:108,(anonymous_7)
FNDA:108,(anonymous_8)
FNDA:108,(anonymous_9)
FNDA:108,(anonymous_10)
DA:4,108
DA:5,108
DA:6,108
DA:7,108
DA:8,108
DA:9,108
DA:10,108
DA:11,108
DA:12,108
DA:13,108
DA:15,34
LF:11
LH:11
BRF:0
BRH:0
end_of_record
TN:
SF:src/features/catalog/components/CategorySidebar.tsx
FN:5,CategorySidebar
FN:9,(anonymous_1)
FN:19,(anonymous_2)
FN:26,(anonymous_3)
FN:29,(anonymous_4)
FNF:5
FNH:3
FNDA:17,CategorySidebar
FNDA:0,(anonymous_1)
FNDA:153,(anonymous_2)
FNDA:170,(anonymous_3)
FNDA:0,(anonymous_4)
DA:6,17
DA:7,17
DA:9,17
DA:10,0
DA:11,0
DA:12,0
DA:14,0
DA:16,0
DA:19,153
DA:21,17
DA:27,170
DA:29,0
LF:12
LH:6
BRDA:7,0,0,17
BRDA:7,0,1,15
BRDA:11,1,0,0
BRDA:11,1,1,0
BRDA:32,2,0,17
BRDA:32,2,1,153
BRDA:36,3,0,17
BRDA:36,3,1,153
BRDA:38,4,0,170
BRDA:38,4,1,153
BRF:10
BRH:8
end_of_record
TN:
SF:src/features/catalog/components/ProductCard.tsx
FN:10,ProductCard
FN:15,(anonymous_1)
FNF:2
FNH:2
FNDA:26,ProductCard
FNDA:1,(anonymous_1)
DA:11,26
DA:12,26
DA:13,26
DA:15,26
DA:16,1
DA:17,1
DA:18,1
DA:21,26
LF:8
LH:8
BRDA:13,0,0,26
BRDA:13,0,1,21
BRDA:24,1,0,5
BRDA:24,1,1,21
BRDA:39,2,0,26
BRDA:39,2,1,5
BRDA:45,3,0,5
BRDA:45,3,1,21
BRDA:48,4,0,5
BRDA:48,4,1,21
BRDA:50,5,0,5
BRDA:50,5,1,21
BRF:12
BRH:12
end_of_record
TN:
SF:src/features/catalog/components/ProductGrid.tsx
FN:7,CardSkeleton
FN:30,ProductGrid
FN:34,(anonymous_2)
FN:82,(anonymous_3)
FNF:4
FNH:4
FNDA:72,CardSkeleton
FNDA:17,ProductGrid
FNDA:72,(anonymous_2)
FNDA:21,(anonymous_3)
DA:8,72
DA:31,17
DA:32,9
DA:35,72
DA:41,8
DA:42,1
DA:55,7
DA:56,2
DA:57,1
DA:68,1
DA:77,5
DA:83,21
LF:12
LH:12
BRDA:31,0,0,9
BRDA:31,0,1,8
BRDA:41,1,0,1
BRDA:41,1,1,7
BRDA:55,2,0,2
BRDA:55,2,1,5
BRDA:55,3,0,7
BRDA:55,3,1,7
BRDA:56,4,0,1
BRDA:56,4,1,1
BRF:10
BRH:10
end_of_record
TN:
SF:src/features/catalog/components/StockBadge.tsx
FN:9,StockBadge
FNF:1
FNH:1
FNDA:161,StockBadge
DA:10,161
DA:11,32
DA:13,129
DA:14,34
DA:20,95
LF:5
LH:5
BRDA:9,0,0,161
BRDA:10,1,0,32
BRDA:10,1,1,129
BRDA:13,2,0,34
BRDA:13,2,1,95
BRDA:16,3,0,0
BRDA:16,3,1,34
BRDA:20,4,0,0
BRDA:20,4,1,95
BRF:9
BRH:7
end_of_record
TN:
SF:src/features/catalog/hooks/useProducts.ts
FN:6,(anonymous_0)
FN:7,(anonymous_1)
FN:10,useProducts
FN:13,(anonymous_3)
FN:17,useProduct
FN:20,(anonymous_5)
FNF:6
FNH:6
FNDA:64,(anonymous_0)
FNDA:15,(anonymous_1)
FNDA:64,useProducts
FNDA:26,(anonymous_3)
FNDA:14,useProduct
FNDA:7,(anonymous_5)
DA:4,3
DA:6,64
DA:7,15
DA:11,64
DA:13,26
DA:18,14
DA:20,7
LF:7
LH:7
BRDA:10,0,0,64
BRF:1
BRH:1
end_of_record
TN:
SF:src/features/product-detail/components/ProductDetail.tsx
FN:14,ProductDetailSkeleton
FN:31,ProductDetail
FN:37,(anonymous_2)
FN:83,(anonymous_3)
FN:83,(anonymous_4)
FN:95,(anonymous_5)
FN:104,(anonymous_6)
FN:104,(anonymous_7)
FNF:8
FNH:5
FNDA:7,ProductDetailSkeleton
FNDA:8,ProductDetail
FNDA:1,(anonymous_2)
FNDA:0,(anonymous_3)
FNDA:0,(anonymous_4)
FNDA:0,(anonymous_5)
FNDA:2,(anonymous_6)
FNDA:2,(anonymous_7)
DA:15,7
DA:32,8
DA:33,8
DA:34,8
DA:35,8
DA:37,8
DA:38,1
DA:39,1
DA:42,8
DA:83,0
DA:96,0
DA:97,0
DA:104,2
LF:13
LH:10
BRDA:35,0,0,8
BRDA:35,0,1,7
BRDA:53,1,0,1
BRDA:53,1,1,7
BRDA:70,2,0,8
BRDA:70,2,1,3
BRDA:75,3,0,8
BRDA:75,3,1,7
BRDA:97,4,0,0
BRDA:97,4,1,0
BRDA:126,5,0,8
BRDA:126,5,1,1
BRF:12
BRH:10
end_of_record
TN:
SF:src/lib/constants.ts
FN:42,getCategoryEmoji
FNF:1
FNH:1
FNDA:187,getCategoryEmoji
DA:1,3
DA:13,3
DA:28,3
DA:30,3
DA:43,187
LF:5
LH:5
BRDA:43,0,0,187
BRDA:43,0,1,0
BRF:2
BRH:1
end_of_record
TN:
SF:src/lib/formatters.ts
FN:1,formatPrice
FN:10,formatUnit
FN:14,formatPricePerUnit
FNF:3
FNH:3
FNDA:199,formatPrice
FNDA:36,formatUnit
FNDA:34,formatPricePerUnit
DA:2,199
DA:11,36
DA:15,34
LF:3
LH:3
BRF:0
BRH:0
end_of_record
TN:
SF:src/lib/sanitize.ts
FN:1,sanitizeUrl
FNF:1
FNH:1
FNDA:6,sanitizeUrl
DA:2,6
DA:3,6
DA:4,6
DA:5,3
DA:7,3
DA:9,0
LF:6
LH:5
BRDA:4,0,0,3
BRDA:4,0,1,3
BRF:2
BRH:2
end_of_record
TN:
SF:src/lib/utils.ts
FN:4,cn
FNF:1
FNH:1
FNDA:2030,cn
DA:5,2030
LF:1
LH:1
BRF:0
BRH:0
end_of_record
TN:
SF:src/pages/ProductPage.tsx
FN:8,ProductPage
FN:32,(anonymous_1)
FNF:2
FNH:1
FNDA:14,ProductPage
FNDA:0,(anonymous_1)
DA:9,14
DA:10,14
DA:12,14
DA:14,7
DA:15,2
DA:16,2
DA:32,0
DA:39,5
DA:41,5
LF:9
LH:8
BRDA:10,0,0,14
BRDA:10,0,1,0
BRDA:12,1,0,7
BRDA:12,1,1,7
BRDA:14,2,0,2
BRDA:14,2,1,5
BRDA:15,3,0,2
BRDA:15,3,1,2
BRDA:20,4,0,1
BRDA:20,4,1,1
BRDA:23,5,0,1
BRDA:23,5,1,1
BRDA:31,6,0,2
BRDA:31,6,1,1
BRDA:39,7,0,0
BRDA:39,7,1,5
BRF:16
BRH:14
end_of_record
TN:
SF:src/pages/StorePage.tsx
FN:6,StorePage
FN:14,(anonymous_1)
FNF:2
FNH:1
FNDA:17,StorePage
FNDA:0,(anonymous_1)
DA:7,17
DA:8,17
DA:9,17
DA:10,17
DA:12,17
DA:14,17
DA:15,0
DA:18,17
DA:24,17
LF:9
LH:8
BRDA:8,0,0,17
BRDA:8,0,1,15
BRDA:9,1,0,17
BRDA:9,1,1,14
BRDA:10,2,0,17
BRDA:10,2,1,15
BRDA:18,3,0,2
BRDA:18,3,1,15
BRDA:20,4,0,3
BRDA:20,4,1,12
BRDA:32,5,0,17
BRDA:32,5,1,8
BRDA:32,5,2,7
BRDA:32,5,3,7
BRDA:33,6,0,6
BRDA:33,6,1,1
BRF:16
BRH:16
end_of_record
TN:
SF:src/pages/admin/ProductsPage.tsx
FN:12,AdminProductsPage
FN:26,(anonymous_1)
FN:37,(anonymous_2)
FN:38,(anonymous_3)
FN:43,(anonymous_4)
FN:49,(anonymous_5)
FNF:6
FNH:6
FNDA:47,AdminProductsPage
FNDA:4,(anonymous_1)
FNDA:3,(anonymous_2)
FNDA:4,(anonymous_3)
FNDA:2,(anonymous_4)
FNDA:4,(anonymous_5)
DA:13,47
DA:14,47
DA:15,47
DA:17,47
DA:26,4
DA:37,3
DA:38,4
DA:43,2
DA:49,4
LF:9
LH:9
BRDA:22,0,0,47
BRDA:22,0,1,32
BRDA:22,0,2,31
BRDA:22,0,3,31
BRDA:23,1,0,31
BRDA:23,1,1,0
BRDA:44,2,0,7
BRDA:44,2,1,40
BRF:8
BRH:7
end_of_record
